<?xml version="1.0" encoding="UTF-8" ?>
<testsuite tests="1" failures="0" name="org.aksw.iguana.rp.controller.MainControllerTest" time="15.021" errors="1" skipped="0">
  <properties>
[...]
</properties>
  <testcase classname="org.aksw.iguana.rp.controller.MainControllerTest" name="org.aksw.iguana.rp.controller.MainControllerTest" time="15.021">
    <error type="java.util.concurrent.TimeoutException">java.util.concurrent.TimeoutException
	at com.rabbitmq.utility.BlockingCell.get(BlockingCell.java:76)
	at com.rabbitmq.utility.BlockingCell.uninterruptibleGet(BlockingCell.java:110)
	at com.rabbitmq.utility.BlockingValueOrException.uninterruptibleGetValue(BlockingValueOrException.java:36)
	at com.rabbitmq.client.impl.AMQChannel$BlockingRpcContinuation.getReply(AMQChannel.java:372)
	at com.rabbitmq.client.impl.ChannelN.close(ChannelN.java:605)
	at com.rabbitmq.client.impl.ChannelN.close(ChannelN.java:530)
	at com.rabbitmq.client.impl.ChannelN.close(ChannelN.java:523)
	at com.rabbitmq.client.impl.recovery.AutorecoveringChannel.close(AutorecoveringChannel.java:68)
	at org.aksw.iguana.rp.controller.MainControllerTest.send(MainControllerTest.java:144)
	at org.aksw.iguana.rp.controller.MainControllerTest.createController(MainControllerTest.java:50)
	at sun.reflect.NativeMethodAccessorImpl.invoke0(Native Method)
	at sun.reflect.NativeMethodAccessorImpl.invoke(NativeMethodAccessorImpl.java:62)
	at sun.reflect.DelegatingMethodAccessorImpl.invoke(DelegatingMethodAccessorImpl.java:43)
	at java.lang.reflect.Method.invoke(Method.java:498)
	at org.junit.runners.model.FrameworkMethod$1.runReflectiveCall(FrameworkMethod.java:47)
	at org.junit.internal.runners.model.ReflectiveCallable.run(ReflectiveCallable.java:12)
	at org.junit.runners.model.FrameworkMethod.invokeExplosively(FrameworkMethod.java:44)
	at org.junit.internal.runners.statements.RunBefores.evaluate(RunBefores.java:24)
	at org.junit.runners.ParentRunner.run(ParentRunner.java:309)
	at org.apache.maven.surefire.junit4.JUnit4Provider.execute(JUnit4Provider.java:252)
	at org.apache.maven.surefire.junit4.JUnit4Provider.executeTestSet(JUnit4Provider.java:141)
	at org.apache.maven.surefire.junit4.JUnit4Provider.invoke(JUnit4Provider.java:112)
	at sun.reflect.NativeMethodAccessorImpl.invoke0(Native Method)
	at sun.reflect.NativeMethodAccessorImpl.invoke(NativeMethodAccessorImpl.java:62)
	at sun.reflect.DelegatingMethodAccessorImpl.invoke(DelegatingMethodAccessorImpl.java:43)
	at java.lang.reflect.Method.invoke(Method.java:498)
	at org.apache.maven.surefire.util.ReflectionUtils.invokeMethodWithArray(ReflectionUtils.java:189)
	at org.apache.maven.surefire.booter.ProviderFactory$ProviderProxy.invoke(ProviderFactory.java:165)
	at org.apache.maven.surefire.booter.ProviderFactory.invokeProvider(ProviderFactory.java:85)
	at org.apache.maven.surefire.booter.ForkedBooter.runSuitesInProcess(ForkedBooter.java:115)
	at org.apache.maven.surefire.booter.ForkedBooter.main(ForkedBooter.java:75)
</error>
  </testcase>
</testsuite>