<?xml version="1.0" encoding="UTF-8" ?>
<testsuite tests="6" failures="0" name="org.aksw.iguana.tp.query.impl.InstancesQueryHandlerTest" time="57.146" errors="0" skipped="0">
  <properties>
[...]
</properties>
  <testcase classname="org.aksw.iguana.tp.query.impl.InstancesQueryHandlerTest" name="testUPDATEAsFile" time="19.541"/>
  <testcase classname="org.aksw.iguana.tp.query.impl.InstancesQueryHandlerTest" name="testUPDATEAsPath" time="0"/>
  <testcase classname="org.aksw.iguana.tp.query.impl.InstancesQueryHandlerTest" name="testIdHandling" time="0"/>
  <testcase classname="org.aksw.iguana.tp.query.impl.InstancesQueryHandlerTest" name="checkCaching" time="37.057"/>
  <testcase classname="org.aksw.iguana.tp.query.impl.InstancesQueryHandlerTest" name="testWorkerInjection" time="0.004"/>
  <testcase classname="org.aksw.iguana.tp.query.impl.InstancesQueryHandlerTest" name="testSPARQL" time="0.544"/>
</testsuite>